<?xml version="1.0" encoding="UTF-8" ?>
<testsuite tests="1" failures="0" name="webmvct.cmd.MyJunitTest" time="0.012" errors="0" skipped="0">
  <properties>
    <property name="java.runtime.name" value="Java(TM) SE Runtime Environment"/>
    <property name="sun.boot.library.path" value="E:\soft\Java\jdk1.8.0_121\jre\bin"/>
    <property name="java.vm.version" value="25.121-b13"/>
    <property name="java.vm.vendor" value="Oracle Corporation"/>
    <property name="maven.multiModuleProjectDirectory" value="E:\workspace_test\hello"/>
    <property name="java.vendor.url" value="http://java.oracle.com/"/>
    <property name="path.separator" value=";"/>
    <property name="guice.disable.misplaced.annotation.check" value="true"/>
    <property name="java.vm.name" value="Java HotSpot(TM) 64-Bit Server VM"/>
    <property name="file.encoding.pkg" value="sun.io"/>
    <property name="user.script" value=""/>
    <property name="user.country" value="CN"/>
    <property name="sun.java.launcher" value="SUN_STANDARD"/>
    <property name="sun.os.patch.level" value=""/>
    <property name="java.vm.specification.name" value="Java Virtual Machine Specification"/>
    <property name="user.dir" value="E:\workspace_test\hello"/>
    <property name="java.runtime.version" value="1.8.0_121-b13"/>
    <property name="java.awt.graphicsenv" value="sun.awt.Win32GraphicsEnvironment"/>
    <property name="java.endorsed.dirs" value="E:\soft\Java\jdk1.8.0_121\jre\lib\endorsed"/>
    <property name="os.arch" value="amd64"/>
    <property name="java.io.tmpdir" value="C:\Users\wangly\AppData\Local\Temp\"/>
    <property name="line.separator" value="
"/>
    <property name="java.vm.specification.vendor" value="Oracle Corporation"/>
    <property name="user.variant" value=""/>
    <property name="os.name" value="Windows 10"/>
    <property name="classworlds.conf" value="E:\workspace_test\.metadata\.plugins\org.eclipse.m2e.launching\launches\m2conf6579745450307633433.tmp"/>
    <property name="sun.jnu.encoding" value="GBK"/>
    <property name="java.library.path" value="E:\soft\Java\jdk1.8.0_121\bin;C:\WINDOWS\Sun\Java\bin;C:\WINDOWS\system32;C:\WINDOWS;E:/soft/Java/jre1.8.0_121/bin/server;E:/soft/Java/jre1.8.0_121/bin;E:/soft/Java/jre1.8.0_121/lib/amd64;C:\ProgramData\Oracle\Java\javapath;E:\soft\ImageMagick-6.9.3-Q16;E:\soft\ImageMagick-7.0.5-Q16;C:\WINDOWS\system32;C:\WINDOWS;C:\WINDOWS\System32\Wbem;C:\WINDOWS\System32\WindowsPowerShell\v1.0\;E:\soft\Java\jdk1.8.0_121\bin;E:\soft\Java\jdk1.8.0_121\jre\bin;E:\soft\apache-ant-1.9.6\bin;E:\soft\apache-maven-3.3.9\bin;E:\Axis2-1.6.2\bin;E:\soft\Redis\;D:\probuf\windows;C:\Users\wangly\Desktop\proto;E:\soft\Git\bin;E:\soft\ImageMagick-6.9.3-Q16;C:\Users\wangly\AppData\Local\Microsoft\WindowsApps;;E:\soft\eclipse;;."/>
    <property name="java.specification.name" value="Java Platform API Specification"/>
    <property name="java.class.version" value="52.0"/>
    <property name="sun.management.compiler" value="HotSpot 64-Bit Tiered Compilers"/>
    <property name="os.version" value="10.0"/>
    <property name="user.home" value="C:\Users\wangly"/>
    <property name="user.timezone" value="Asia/Shanghai"/>
    <property name="java.awt.printerjob" value="sun.awt.windows.WPrinterJob"/>
    <property name="java.specification.version" value="1.8"/>
    <property name="file.encoding" value="UTF-8"/>
    <property name="user.name" value="wangly"/>
    <property name="java.class.path" value="/E:/soft/eclipse/plugins/org.eclipse.m2e.maven.runtime_1.7.0.20160603-1931/jars/plexus-classworlds-2.5.2.jar"/>
    <property name="java.vm.specification.version" value="1.8"/>
    <property name="sun.arch.data.model" value="64"/>
    <property name="java.home" value="E:\soft\Java\jdk1.8.0_121\jre"/>
    <property name="sun.java.command" value="org.codehaus.plexus.classworlds.launcher.Launcher -B -gs E:\soft\apache-maven-3.3.9\conf\settings.xml -s E:\soft\apache-maven-3.3.9\conf\settings.xml install"/>
    <property name="java.specification.vendor" value="Oracle Corporation"/>
    <property name="user.language" value="zh"/>
    <property name="awt.toolkit" value="sun.awt.windows.WToolkit"/>
    <property name="java.vm.info" value="mixed mode"/>
    <property name="java.version" value="1.8.0_121"/>
    <property name="java.ext.dirs" value="E:\soft\Java\jdk1.8.0_121\jre\lib\ext;C:\WINDOWS\Sun\Java\lib\ext"/>
    <property name="sun.boot.class.path" value="E:\soft\Java\jdk1.8.0_121\jre\lib\resources.jar;E:\soft\Java\jdk1.8.0_121\jre\lib\rt.jar;E:\soft\Java\jdk1.8.0_121\jre\lib\sunrsasign.jar;E:\soft\Java\jdk1.8.0_121\jre\lib\jsse.jar;E:\soft\Java\jdk1.8.0_121\jre\lib\jce.jar;E:\soft\Java\jdk1.8.0_121\jre\lib\charsets.jar;E:\soft\Java\jdk1.8.0_121\jre\lib\jfr.jar;E:\soft\Java\jdk1.8.0_121\jre\classes"/>
    <property name="java.vendor" value="Oracle Corporation"/>
    <property name="maven.home" value="E:\workspace_test\hello\EMBEDDED"/>
    <property name="file.separator" value="\"/>
    <property name="java.vendor.url.bug" value="http://bugreport.sun.com/bugreport/"/>
    <property name="sun.cpu.endian" value="little"/>
    <property name="sun.io.unicode.encoding" value="UnicodeLittle"/>
    <property name="sun.desktop" value="windows"/>
    <property name="sun.cpu.isalist" value="amd64"/>
  </properties>
  <testcase classname="webmvct.cmd.MyJunitTest" name="hello" time="0.012"/>
</testsuite>